#
# A fatal error has been detected by the Java Runtime Environment:
#
#  SIGSEGV (0xb) at pc=0x00007fff6e96d67c, pid=55431, tid=0x0000000000000103
#
# JRE version: Java(TM) SE Runtime Environment (8.0_191-b12) (build 1.8.0_191-b12)
# Java VM: Java HotSpot(TM) 64-Bit Server VM (25.191-b12 mixed mode bsd-amd64 compressed oops)
# Problematic frame:
# C  [JavaNativeFoundation+0x967c]  -[JNFWeakJObjectWrapper _getWithEnv:]+0x2b
#
# Failed to write core dump. Core dumps have been disabled. To enable core dumping, try "ulimit -c unlimited" before starting Java again
#
# If you would like to submit a bug report, please visit:
#   http://bugreport.java.com/bugreport/crash.jsp
#

---------------  T H R E A D  ---------------

Current thread is native thread

siginfo: si_signo: 11 (SIGSEGV), si_code: 1 (SEGV_MAPERR), si_addr: 0x00000000000000c2

Registers:
RAX=0x0000000000000002, RBX=0x00007fd9178da9f8, RCX=0x000000010aeafe00, RDX=0x0000000000000000
RSP=0x00007ffee5d8aad0, RBP=0x00007ffee5d8aaf0, RSI=0x00007fd914d07710, RDI=0x00007fd9178da9f8
R8 =0x0000000000000000, R9 =0x0000000000000000, R10=0x00007fff85e28440, R11=0x00007fff6e96d602
R12=0x00007fd9178da9f8, R13=0x00007fd914c7ee40, R14=0x00007fd914c8ebe0, R15=0x00007fd914d07710
RIP=0x00007fff6e96d67c, EFLAGS=0x0000000000010246, ERR=0x0000000000000004
  TRAPNO=0x000000000000000e

Top of Stack: (sp=0x00007ffee5d8aad0)
0x00007ffee5d8aad0:   00007fd914c8eb00 00007fd9178da9f8
0x00007ffee5d8aae0:   00007fd9053c4600 00007fd914c7ee40
0x00007ffee5d8aaf0:   00007ffee5d8ab10 00007fff6e96d496
0x00007ffee5d8ab00:   00007fd914c8eb00 00007fd914fad9e0
0x00007ffee5d8ab10:   00007ffee5d8ab70 000000013a78ebbb
0x00007ffee5d8ab20:   00007fd914cbf510 0000000000000000
0x00007ffee5d8ab30:   4145579fdef4bc44 00007fd884e04d20
0x00007ffee5d8ab40:   00007ffee5d8ab70 00007fff20249800
0x00007ffee5d8ab50:   00007fd914cbf510 00007fd914c7ee40
0x00007ffee5d8ab60:   00007fd914c7ee40 00007fd884e04d20
0x00007ffee5d8ab70:   00007ffee5d8ac30 00007fff26ccc575
0x00007ffee5d8ab80:   00007fd9171d16b0 0000000000000000
0x00007ffee5d8ab90:   00007fd914c7ee40 0000000000000000
0x00007ffee5d8aba0:   0000000414c7ee40 00007fd8d4d2ed20
0x00007ffee5d8abb0:   4145579fdef4bc44 0000018c00000157
0x00007ffee5d8abc0:   0000000000000000 00007fd8d4f1cd10
0x00007ffee5d8abd0:   0000000000000004 0000000000000000
0x00007ffee5d8abe0:   0000000000000000 00007ffee5d8ac08
0x00007ffee5d8abf0:   00007ffee5d8ac30 00007fff26c483a3
0x00007ffee5d8ac00:   f1cc5c1344a5008c 00007fff20249800
0x00007ffee5d8ac10:   0000000000000004 0000000000000000
0x00007ffee5d8ac20:   00007fd914c7ee40 00007fff7b99a72d
0x00007ffee5d8ac30:   00007ffee5d8acb0 00007fff26ccbbbe
0x00007ffee5d8ac40:   ffffffffffffffff 4078c00000000000
0x00007ffee5d8ac50:   4075700000000000 3ff0000000000000
0x00007ffee5d8ac60:   0000000000000000 0000000000000000
0x00007ffee5d8ac70:   4075700000000000 4078c00000000000
0x00007ffee5d8ac80:   f1cc5c1344a5008c 00007ffee5d8ad90
0x00007ffee5d8ac90:   00007fff7ba1bdba 00007fd884d041b0
0x00007ffee5d8aca0:   00007ffee5d8acc0 00007ffee5d8ad98
0x00007ffee5d8acb0:   00007ffee5d8bd90 00007fff26c26c53
0x00007ffee5d8acc0:   0000000000000000 00007fff26c26af4 

Instructions: (pc=0x00007fff6e96d67c)
0x00007fff6e96d65c:   89 d3 49 89 fe 48 8b 35 40 a8 4b 17 ff 15 42 2f
0x00007fff6e96d66c:   8e 1e 49 89 c7 48 8b 03 48 89 df 4c 89 fe 31 d2
0x00007fff6e96d67c:   ff 90 c0 00 00 00 3c 01 75 15 48 8b 35 7b a8 4b
0x00007fff6e96d68c:   17 45 31 ff 4c 89 f7 31 d2 ff 15 15 2f 8e 1e 4c 

Register to memory mapping:

RAX=0x0000000000000002 is an unknown value
RBX=0x00007fd9178da9f8 is an unknown value
RCX=0x000000010aeafe00 is an unknown value
RDX=0x0000000000000000 is an unknown value
RSP=0x00007ffee5d8aad0 is an unknown value
RBP=0x00007ffee5d8aaf0 is an unknown value
RSI=0x00007fd914d07710 is a weak global jni handle
RDI=0x00007fd9178da9f8 is an unknown value
R8 =0x0000000000000000 is an unknown value
R9 =0x0000000000000000 is an unknown value
R10=0x00007fff85e28440: OBJC_CLASS_$_JNFWeakJObjectWrapper+0 in /System/Library/Frameworks/JavaNativeFoundation.framework/Versions/A/JavaNativeFoundation at 0x00007fff6e964000
R11=0x00007fff6e96d602: -[JNFJObjectWrapper jObject]+0 in /System/Library/Frameworks/JavaNativeFoundation.framework/Versions/A/JavaNativeFoundation at 0x00007fff6e964000
R12=0x00007fd9178da9f8 is an unknown value
R13=0x00007fd914c7ee40 is an unknown value
R14=0x00007fd914c8ebe0 is an unknown value
R15=0x00007fd914d07710 is a weak global jni handle


Stack: [0x00007ffee558f000,0x00007ffee5d8f000],  sp=0x00007ffee5d8aad0,  free space=8174k
Native frames: (J=compiled Java code, j=interpreted, Vv=VM code, C=native code)
C  [JavaNativeFoundation+0x967c]  -[JNFWeakJObjectWrapper _getWithEnv:]+0x2b
C  [JavaNativeFoundation+0x9496]  -[JNFJObjectWrapper jObjectWithEnv:]+0x16
C  [libawt_lwawt.dylib+0x1abbb]  -[CGLLayer drawInCGLContext:pixelFormat:forLayerTime:displayTime:]+0xa4
C  [QuartzCore+0xc6575]  CAOpenGLLayerDraw(CAOpenGLLayer*, double, CVTimeStamp const*, unsigned int)+0x7d9
C  [QuartzCore+0xc5bbe]  -[CAOpenGLLayer _display]+0x246
C  [QuartzCore+0x20c53]  CA::Layer::display_if_needed(CA::Transaction*)+0x35f
C  [QuartzCore+0x16c08a]  CA::Context::commit_transaction(CA::Transaction*, double, double*)+0x29a
C  [QuartzCore+0x20df]  CA::Transaction::commit()+0x2c9
C  [QuartzCore+0x3abbe]  CA::Transaction::observer_callback(__CFRunLoopObserver*, unsigned long, void*)+0x6e
C  [CoreFoundation+0x80d31]  __CFRUNLOOP_IS_CALLING_OUT_TO_AN_OBSERVER_CALLBACK_FUNCTION__+0x17
C  [CoreFoundation+0x80bc5]  __CFRunLoopDoObservers+0x21f
C  [CoreFoundation+0x80196]  __CFRunLoopRun+0x487
C  [CoreFoundation+0x7f64c]  CFRunLoopRunSpecific+0x233
C  [java+0x646e]  CreateExecutionEnvironment+0x367
C  [java+0x203c]  JLI_Launch+0x7a0
C  [java+0x84cb]  main+0x65
C  [java+0x1894]  start+0x34


---------------  P R O C E S S  ---------------

VM state:not at safepoint (normal execution)

VM Mutex/Monitor currently owned by a thread: None

Heap:
 PSYoungGen      total 153088K, used 22635K [0x0000000715580000, 0x0000000720000000, 0x00000007c0000000)
  eden space 131584K, 17% used [0x0000000715580000,0x0000000716b9afa0,0x000000071d600000)
  from space 21504K, 0% used [0x000000071d600000,0x000000071d600000,0x000000071eb00000)
  to   space 21504K, 0% used [0x000000071eb00000,0x000000071eb00000,0x0000000720000000)
 ParOldGen       total 242688K, used 8769K [0x00000005c0000000, 0x00000005ced00000, 0x0000000715580000)
  object space 242688K, 3% used [0x00000005c0000000,0x00000005c0890608,0x00000005ced00000)
 Metaspace       used 21766K, capacity 22542K, committed 22832K, reserved 1069056K
  class space    used 3059K, capacity 3267K, committed 3376K, reserved 1048576K

Card table byte_map: [0x0000000120fb4000,0x0000000121fb5000] byte_map_base: 0x000000011e1b4000

Marking Bits: (ParMarkBitMap*) 0x00000001118f9e00
 Begin Bits: [0x0000000121fb5000, 0x0000000129fb5000)
 End Bits:   [0x0000000129fb5000, 0x0000000131fb5000)

Polling page: 0x0000000109ef9000

CodeCache: size=245760Kb used=5953Kb max_used=5962Kb free=239806Kb
 bounds [0x0000000111fb4000, 0x0000000112594000, 0x0000000120fb4000]
 total_blobs=2635 nmethods=1850 adapters=698
 compilation: enabled

Compilation events (10 events):
Event: 6275.846 Thread 0x00007fd915808800 1847  s!   3       sun.java2d.opengl.OGLRenderQueue$QueueFlusher::run (234 bytes)
Event: 6275.847 Thread 0x00007fd915808800 nmethod 1847 0x0000000112583250 code [0x0000000112583600, 0x0000000112585db8]
Event: 10375.175 Thread 0x00007fd91681c000 1848 %s!   4       sun.java2d.opengl.OGLRenderQueue$QueueFlusher::run @ 2 (234 bytes)
Event: 10375.179 Thread 0x00007fd91681c000 nmethod 1848% 0x000000011257c150 code [0x000000011257c300, 0x000000011257c778]
Event: 282016.928 Thread 0x00007fd915808800 1849       1       sun.lwawt.LWComponentPeer::getStateLock (5 bytes)
Event: 282016.932 Thread 0x00007fd915808800 nmethod 1849 0x000000011257be90 code [0x000000011257bfe0, 0x000000011257c0f0]
Event: 282017.553 Thread 0x00007fd915808800 1850       3       java.util.concurrent.locks.ReentrantLock::lock (8 bytes)
Event: 282017.553 Thread 0x00007fd915808800 nmethod 1850 0x000000011257ba50 code [0x000000011257bbc0, 0x000000011257bde8]
Event: 282017.678 Thread 0x00007fd915808800 1851       3       sun.java2d.loops.GraphicsPrimitiveMgr$2::compare (39 bytes)
Event: 282017.680 Thread 0x00007fd915808800 nmethod 1851 0x000000011257da50 code [0x000000011257dbe0, 0x000000011257e070]

GC Heap History (4 events):
Event: 2.159 GC heap before
{Heap before GC invocations=1 (full 0):
 PSYoungGen      total 153088K, used 55713K [0x0000000715580000, 0x0000000720000000, 0x00000007c0000000)
  eden space 131584K, 42% used [0x0000000715580000,0x0000000718be86d0,0x000000071d600000)
  from space 21504K, 0% used [0x000000071eb00000,0x000000071eb00000,0x0000000720000000)
  to   space 21504K, 0% used [0x000000071d600000,0x000000071d600000,0x000000071eb00000)
 ParOldGen       total 349696K, used 0K [0x00000005c0000000, 0x00000005d5580000, 0x0000000715580000)
  object space 349696K, 0% used [0x00000005c0000000,0x00000005c0000000,0x00000005d5580000)
 Metaspace       used 20460K, capacity 21196K, committed 21296K, reserved 1067008K
  class space    used 2890K, capacity 3110K, committed 3120K, reserved 1048576K
Event: 2.165 GC heap after
Heap after GC invocations=1 (full 0):
 PSYoungGen      total 153088K, used 11090K [0x0000000715580000, 0x0000000720000000, 0x00000007c0000000)
  eden space 131584K, 0% used [0x0000000715580000,0x0000000715580000,0x000000071d600000)
  from space 21504K, 51% used [0x000000071d600000,0x000000071e0d4b30,0x000000071eb00000)
  to   space 21504K, 0% used [0x000000071eb00000,0x000000071eb00000,0x0000000720000000)
 ParOldGen       total 349696K, used 88K [0x00000005c0000000, 0x00000005d5580000, 0x0000000715580000)
  object space 349696K, 0% used [0x00000005c0000000,0x00000005c0016010,0x00000005d5580000)
 Metaspace       used 20460K, capacity 21196K, committed 21296K, reserved 1067008K
  class space    used 2890K, capacity 3110K, committed 3120K, reserved 1048576K
}
Event: 2.165 GC heap before
{Heap before GC invocations=2 (full 1):
 PSYoungGen      total 153088K, used 11090K [0x0000000715580000, 0x0000000720000000, 0x00000007c0000000)
  eden space 131584K, 0% used [0x0000000715580000,0x0000000715580000,0x000000071d600000)
  from space 21504K, 51% used [0x000000071d600000,0x000000071e0d4b30,0x000000071eb00000)
  to   space 21504K, 0% used [0x000000071eb00000,0x000000071eb00000,0x0000000720000000)
 ParOldGen       total 349696K, used 88K [0x00000005c0000000, 0x00000005d5580000, 0x0000000715580000)
  object space 349696K, 0% used [0x00000005c0000000,0x00000005c0016010,0x00000005d5580000)
 Metaspace       used 20460K, capacity 21196K, committed 21296K, reserved 1067008K
  class space    used 2890K, capacity 3110K, committed 3120K, reserved 1048576K
Event: 2.186 GC heap after
Heap after GC invocations=2 (full 1):
 PSYoungGen      total 153088K, used 0K [0x0000000715580000, 0x0000000720000000, 0x00000007c0000000)
  eden space 131584K, 0% used [0x0000000715580000,0x0000000715580000,0x000000071d600000)
  from space 21504K, 0% used [0x000000071d600000,0x000000071d600000,0x000000071eb00000)
  to   space 21504K, 0% used [0x000000071eb00000,0x000000071eb00000,0x0000000720000000)
 ParOldGen       total 242688K, used 8769K [0x00000005c0000000, 0x00000005ced00000, 0x0000000715580000)
  object space 242688K, 3% used [0x00000005c0000000,0x00000005c0890608,0x00000005ced00000)
 Metaspace       used 20460K, capacity 21196K, committed 21296K, reserved 1067008K
  class space    used 2890K, capacity 3110K, committed 3120K, reserved 1048576K
}

Deoptimization events (10 events):
Event: 1.063 Thread 0x00007fd9178da800 Uncommon trap: reason=class_check action=maybe_recompile pc=0x00000001120cc048 method=java.lang.String.equals(Ljava/lang/Object;)Z @ 8
Event: 1.063 Thread 0x00007fd9178da800 Uncommon trap: reason=class_check action=maybe_recompile pc=0x00000001120cc048 method=java.lang.String.equals(Ljava/lang/Object;)Z @ 8
Event: 1.063 Thread 0x00007fd9178da800 Uncommon trap: reason=class_check action=maybe_recompile pc=0x00000001120cc048 method=java.lang.String.equals(Ljava/lang/Object;)Z @ 8
Event: 1.064 Thread 0x00007fd9178da800 Uncommon trap: reason=class_check action=maybe_recompile pc=0x00000001120cc048 method=java.lang.String.equals(Ljava/lang/Object;)Z @ 8
Event: 1.201 Thread 0x00007fd8d5813800 Uncommon trap: reason=unstable_if action=reinterpret pc=0x00000001122ab19c method=sun.net.www.ParseUtil.encodePath(Ljava/lang/String;Z)Ljava/lang/String; @ 109
Event: 1.905 Thread 0x00007fd9178da800 Uncommon trap: reason=unstable_if action=reinterpret pc=0x0000000112307f64 method=jdk.internal.org.objectweb.asm.Type.getArgumentsAndReturnSizes(Ljava/lang/String;)I @ 47
Event: 2.103 Thread 0x00007fd9178da800 Uncommon trap: reason=unstable_if action=reinterpret pc=0x000000011220dd84 method=java.lang.AbstractStringBuilder.append(Ljava/lang/String;)Ljava/lang/AbstractStringBuilder; @ 1
Event: 2.103 Thread 0x00007fd9178da800 Uncommon trap: reason=unstable_if action=reinterpret pc=0x00000001121bd00c method=java.lang.AbstractStringBuilder.append(Ljava/lang/String;)Ljava/lang/AbstractStringBuilder; @ 1
Event: 3.607 Thread 0x00007fd9178da800 Uncommon trap: reason=unstable_if action=reinterpret pc=0x00000001122a0a94 method=java.lang.ref.SoftReference.get()Ljava/lang/Object; @ 17
Event: 282016.866 Thread 0x00007fd91696a000 Uncommon trap: reason=unstable_if action=reinterpret pc=0x000000011257c56c method=sun.java2d.opengl.OGLRenderQueue$QueueFlusher.run()V @ 22

Classes redefined (0 events):
No events

Internal exceptions (10 events):
Event: 0.911 Thread 0x00007fd9178da800 Exception <a 'java/lang/ArrayIndexOutOfBoundsException'> (0x00000007170f6a28) thrown at [/Users/java_re/workspace/8-2-build-macosx-x86_64/jdk8u191/11896/hotspot/src/share/vm/runtime/sharedRuntime.cpp, line 605]
Event: 0.981 Thread 0x00007fd9178da800 Implicit null exception at 0x00000001122b257b to 0x00000001122b2fad
Event: 2.026 Thread 0x00007fd9178da800 Exception <a 'java/io/FileNotFoundException'> (0x0000000717e31800) thrown at [/Users/java_re/workspace/8-2-build-macosx-x86_64/jdk8u191/11896/hotspot/src/share/vm/prims/jni.cpp, line 709]
Event: 2.026 Thread 0x00007fd9178da800 Exception <a 'java/io/FileNotFoundException'> (0x0000000717e32758) thrown at [/Users/java_re/workspace/8-2-build-macosx-x86_64/jdk8u191/11896/hotspot/src/share/vm/prims/jni.cpp, line 709]
Event: 2.036 Thread 0x00007fd9178da800 Exception <a 'java/io/FileNotFoundException'> (0x0000000717e42ea8) thrown at [/Users/java_re/workspace/8-2-build-macosx-x86_64/jdk8u191/11896/hotspot/src/share/vm/prims/jni.cpp, line 709]
Event: 2.103 Thread 0x00007fd9178da800 Implicit null exception at 0x000000011220d9b5 to 0x000000011220dd71
Event: 2.103 Thread 0x00007fd9178da800 Implicit null exception at 0x00000001121bcc36 to 0x00000001121bcff5
Event: 2.188 Thread 0x00007fd915049800 Exception <a 'java/lang/NullPointerException'> (0x00000007158120d0) thrown at [/Users/java_re/workspace/8-2-build-macosx-x86_64/jdk8u191/11896/hotspot/src/share/vm/interpreter/linkResolver.cpp, line 1185]
Event: 3.633 Thread 0x00007fd9178da800 Exception <a 'java/lang/reflect/InvocationTargetException'> (0x0000000716115268) thrown at [/Users/java_re/workspace/8-2-build-macosx-x86_64/jdk8u191/11896/hotspot/src/share/vm/runtime/reflection.cpp, line 1092]
Event: 3.633 Thread 0x00007fd9178da800 Exception <a 'java/lang/RuntimeException'> (0x0000000716115a58) thrown at [/Users/java_re/workspace/8-2-build-macosx-x86_64/jdk8u191/11896/hotspot/src/share/vm/prims/jvm.cpp, line 1439]

Events (10 events):
Event: 282016.987 loading class java/util/IdentityHashMap$Values done
Event: 282016.988 loading class java/util/IdentityHashMap$ValueIterator
Event: 282016.989 loading class java/util/IdentityHashMap$IdentityHashMapIterator
Event: 282016.991 loading class java/util/IdentityHashMap$IdentityHashMapIterator done
Event: 282016.991 loading class java/util/IdentityHashMap$ValueIterator done
Event: 282016.992 loading class javax/swing/RepaintManager$DisplayChangedRunnable
Event: 282016.992 loading class javax/swing/RepaintManager$DisplayChangedRunnable done
Event: 282016.992 Thread 0x00007fd915154800 Thread exited: 0x00007fd915154800
Event: 282016.992 Thread 0x00007fd915154800 Thread added: 0x00007fd915154800
Event: 282017.727 Thread 0x00007fd915154800 Thread exited: 0x00007fd915154800


Dynamic libraries:
0x00007fff34ec2000 	/System/Library/Frameworks/Cocoa.framework/Versions/A/Cocoa
0x00007fff22237000 	/System/Library/Frameworks/Security.framework/Versions/A/Security
0x00007fff330cf000 	/System/Library/Frameworks/ApplicationServices.framework/Versions/A/ApplicationServices
0x00007fff2a4b4000 	/usr/lib/libz.1.dylib
0x00007fff2a57c000 	/usr/lib/libSystem.B.dylib
0x00007fff20243000 	/usr/lib/libobjc.A.dylib
0x00007fff20423000 	/System/Library/Frameworks/CoreFoundation.framework/Versions/A/CoreFoundation
0x00007fff211d0000 	/System/Library/Frameworks/Foundation.framework/Versions/C/Foundation
0x00007fff22c65000 	/System/Library/Frameworks/AppKit.framework/Versions/C/AppKit
0x00007fff25b24000 	/System/Library/Frameworks/CoreData.framework/Versions/A/CoreData
0x00007fff239ae000 	/System/Library/PrivateFrameworks/UIFoundation.framework/Versions/A/UIFoundation
0x00007fff2fba5000 	/System/Library/PrivateFrameworks/RemoteViewServices.framework/Versions/A/RemoteViewServices
0x00007fff289c0000 	/System/Library/PrivateFrameworks/XCTTargetBootstrap.framework/Versions/A/XCTTargetBootstrap
0x00007fff2b6a5000 	/usr/lib/libspindump.dylib
0x00007fff23bfd000 	/System/Library/Frameworks/UniformTypeIdentifiers.framework/Versions/A/UniformTypeIdentifiers
0x00007fff271c0000 	/usr/lib/libapp_launch_measurement.dylib
0x00007fff271c3000 	/System/Library/PrivateFrameworks/CoreAutoLayout.framework/Versions/A/CoreAutoLayout
0x00007fff28323000 	/System/Library/Frameworks/Metal.framework/Versions/A/Metal
0x00007fff2901d000 	/usr/lib/liblangid.dylib
0x00007fff289c4000 	/System/Library/PrivateFrameworks/CoreSVG.framework/Versions/A/CoreSVG
0x00007fff24c3c000 	/System/Library/PrivateFrameworks/SkyLight.framework/Versions/A/SkyLight
0x00007fff24fa1000 	/System/Library/Frameworks/CoreGraphics.framework/Versions/A/CoreGraphics
0x00007fff300cc000 	/System/Library/Frameworks/Accelerate.framework/Versions/A/Accelerate
0x00007fff2b0e3000 	/System/Library/PrivateFrameworks/IconServices.framework/Versions/A/IconServices
0x00007fff28307000 	/System/Library/Frameworks/IOSurface.framework/Versions/A/IOSurface
0x00007fff264ac000 	/usr/lib/libDiagnosticMessagesClient.dylib
0x00007fff289ac000 	/System/Library/PrivateFrameworks/DFRFoundation.framework/Versions/A/DFRFoundation
0x00007fff2258c000 	/usr/lib/libicucore.A.dylib
0x00007fff2cbec000 	/System/Library/Frameworks/AudioToolbox.framework/Versions/A/AudioToolbox
0x00007fff2be76000 	/System/Library/PrivateFrameworks/DataDetectorsCore.framework/Versions/A/DataDetectorsCore
0x00007fff24bb0000 	/usr/lib/libMobileGestalt.dylib
0x00007fff286b0000 	/System/Library/Frameworks/Carbon.framework/Versions/A/Frameworks/HIToolbox.framework/Versions/A/HIToolbox
0x00007fff26c06000 	/System/Library/Frameworks/QuartzCore.framework/Versions/A/QuartzCore
0x00007fff2fbdd000 	/System/Library/Frameworks/Carbon.framework/Versions/A/Frameworks/SpeechRecognition.framework/Versions/A/SpeechRecognition
0x00007fff26f25000 	/System/Library/PrivateFrameworks/CoreUI.framework/Versions/A/CoreUI
0x00007fff21ba6000 	/System/Library/Frameworks/CoreAudio.framework/Versions/A/CoreAudio
0x00007fff26597000 	/System/Library/Frameworks/DiskArbitration.framework/Versions/A/DiskArbitration
0x00007fff2ba73000 	/System/Library/PrivateFrameworks/MultitouchSupport.framework/Versions/A/MultitouchSupport
0x00007fff2be6d000 	/System/Library/PrivateFrameworks/InternationalSupport.framework/Versions/A/InternationalSupport
0x00007fff24baf000 	/usr/lib/libenergytrace.dylib
0x00007fff22b5c000 	/System/Library/Frameworks/IOKit.framework/Versions/A/IOKit
0x00007fff2ff10000 	/System/Library/Frameworks/CoreServices.framework/Versions/A/CoreServices
0x00007fff27152000 	/System/Library/PrivateFrameworks/PerformanceAnalysis.framework/Versions/A/PerformanceAnalysis
0x00007fff6b9c4000 	/System/Library/Frameworks/OpenGL.framework/Versions/A/OpenGL
0x00007fff2bef1000 	/System/Library/PrivateFrameworks/UserActivity.framework/Versions/A/UserActivity
0x00007fff2562b000 	/System/Library/Frameworks/ColorSync.framework/Versions/A/ColorSync
0x00007fff28c2b000 	/System/Library/Frameworks/CoreImage.framework/Versions/A/CoreImage
0x00007fff219c0000 	/System/Library/Frameworks/CoreText.framework/Versions/A/CoreText
0x00007fff289ee000 	/System/Library/Frameworks/ImageIO.framework/Versions/A/ImageIO
0x00007fff2a582000 	/System/Library/PrivateFrameworks/SoftLinking.framework/Versions/A/SoftLinking
0x00007fff2720b000 	/usr/lib/libxml2.2.dylib
0x00007fff20309000 	/usr/lib/libc++.1.dylib
0x00007fff2a7f3000 	/usr/lib/libcompression.dylib
0x00007fff2bd9f000 	/System/Library/PrivateFrameworks/TextureIO.framework/Versions/A/TextureIO
0x00007fff2ae22000 	/usr/lib/libate.dylib
0x00007fff2a576000 	/usr/lib/system/libcache.dylib
0x00007fff2a532000 	/usr/lib/system/libcommonCrypto.dylib
0x00007fff2a55c000 	/usr/lib/system/libcompiler_rt.dylib
0x00007fff2a551000 	/usr/lib/system/libcopyfile.dylib
0x00007fff20133000 	/usr/lib/system/libcorecrypto.dylib
0x00007fff201fe000 	/usr/lib/system/libdispatch.dylib
0x00007fff203b1000 	/usr/lib/system/libdyld.dylib
0x00007fff2a56d000 	/usr/lib/system/libkeymgr.dylib
0x00007fff2d983000 	/usr/lib/system/liblaunch.dylib
0x00007fff2a510000 	/usr/lib/system/libmacho.dylib
0x00007fff29d08000 	/usr/lib/system/libquarantine.dylib
0x00007fff2a56a000 	/usr/lib/system/libremovefile.dylib
0x00007fff24c0d000 	/usr/lib/system/libsystem_asl.dylib
0x00007fff200e3000 	/usr/lib/system/libsystem_blocks.dylib
0x00007fff20280000 	/usr/lib/system/libsystem_c.dylib
0x00007fff2a564000 	/usr/lib/system/libsystem_collections.dylib
0x00007fff2900e000 	/usr/lib/system/libsystem_configuration.dylib
0x00007fff282f6000 	/usr/lib/system/libsystem_containermanager.dylib
0x00007fff2a2b3000 	/usr/lib/system/libsystem_coreservices.dylib
0x00007fff227ec000 	/usr/lib/system/libsystem_darwin.dylib
0x00007fff2a56e000 	/usr/lib/system/libsystem_dnssd.dylib
0x00007fff2027d000 	/usr/lib/system/libsystem_featureflags.dylib
0x00007fff203f7000 	/usr/lib/system/libsystem_info.dylib
0x00007fff2a4c7000 	/usr/lib/system/libsystem_m.dylib
0x00007fff201d1000 	/usr/lib/system/libsystem_malloc.dylib
0x00007fff24ba0000 	/usr/lib/system/libsystem_networkextension.dylib
0x00007fff22c0b000 	/usr/lib/system/libsystem_notify.dylib
0x00007fff2fe12000 	/usr/lib/system/libsystem_product_info_filter.dylib
0x00007fff29012000 	/usr/lib/system/libsystem_sandbox.dylib
0x00007fff2a567000 	/usr/lib/system/libsystem_secinit.dylib
0x00007fff20375000 	/usr/lib/system/libsystem_kernel.dylib
0x00007fff203ed000 	/usr/lib/system/libsystem_platform.dylib
0x00007fff203a5000 	/usr/lib/system/libsystem_pthread.dylib
0x00007fff262e8000 	/usr/lib/system/libsystem_symptoms.dylib
0x00007fff2011b000 	/usr/lib/system/libsystem_trace.dylib
0x00007fff2a53e000 	/usr/lib/system/libunwind.dylib
0x00007fff200e5000 	/usr/lib/system/libxpc.dylib
0x00007fff2035f000 	/usr/lib/libc++abi.dylib
0x00007fff2a549000 	/usr/lib/liboah.dylib
0x00007fff2ac07000 	/usr/lib/liblzma.5.dylib
0x00007fff20ee4000 	/System/Library/Frameworks/SystemConfiguration.framework/Versions/A/SystemConfiguration
0x00007fff2a57e000 	/usr/lib/libfakelink.dylib
0x00007fff24701000 	/System/Library/Frameworks/CFNetwork.framework/Versions/A/CFNetwork
0x00007fff2a6be000 	/usr/lib/libarchive.2.dylib
0x00007fff20f62000 	/usr/lib/libCRFSuite.dylib
0x00007fff29d2f000 	/usr/lib/libbsm.0.dylib
0x00007fff2407a000 	/usr/lib/libnetwork.dylib
0x00007fff2a583000 	/usr/lib/libpcap.A.dylib
0x00007fff262e1000 	/usr/lib/libdns_services.dylib
0x00007fff2ac20000 	/usr/lib/libcoretls_cfhelpers.dylib
0x00007fff2a7bd000 	/usr/lib/libapple_nghttp2.dylib
0x00007fff2a516000 	/usr/lib/system/libkxld.dylib
0x00007fff25f5a000 	/usr/lib/libsqlite3.dylib
0x00007fff2a296000 	/System/Library/PrivateFrameworks/AppleFSCompression.framework/Versions/A/AppleFSCompression
0x00007fff29d17000 	/usr/lib/libcoretls.dylib
0x00007fff2a7ee000 	/usr/lib/libpam.2.dylib
0x00007fff2ad1e000 	/usr/lib/libxar.1.dylib
0x00007fff29019000 	/System/Library/PrivateFrameworks/AppleSystemInfo.framework/Versions/A/AppleSystemInfo
0x00007fff29959000 	/System/Library/PrivateFrameworks/IOMobileFramebuffer.framework/Versions/A/IOMobileFramebuffer
0x00007fff2a2a6000 	/usr/lib/libbz2.1.0.dylib
0x00007fff2a5bb000 	/usr/lib/libiconv.2.dylib
0x00007fff2a50f000 	/usr/lib/libcharset.1.dylib
0x00007fff2718e000 	/System/Library/Frameworks/CoreServices.framework/Versions/A/Frameworks/FSEvents.framework/Versions/A/FSEvents
0x00007fff227f6000 	/System/Library/Frameworks/CoreServices.framework/Versions/A/Frameworks/CarbonCore.framework/Versions/A/CarbonCore
0x00007fff264fc000 	/System/Library/Frameworks/CoreServices.framework/Versions/A/Frameworks/Metadata.framework/Versions/A/Metadata
0x00007fff2a2b8000 	/System/Library/Frameworks/CoreServices.framework/Versions/A/Frameworks/OSServices.framework/Versions/A/OSServices
0x00007fff2a730000 	/System/Library/Frameworks/CoreServices.framework/Versions/A/Frameworks/SearchKit.framework/Versions/A/SearchKit
0x00007fff2626c000 	/System/Library/Frameworks/CoreServices.framework/Versions/A/Frameworks/AE.framework/Versions/A/AE
0x00007fff208c1000 	/System/Library/Frameworks/CoreServices.framework/Versions/A/Frameworks/LaunchServices.framework/Versions/A/LaunchServices
0x00007fff2abb7000 	/System/Library/Frameworks/CoreServices.framework/Versions/A/Frameworks/DictionaryServices.framework/Versions/A/DictionaryServices
0x00007fff2719b000 	/System/Library/Frameworks/CoreServices.framework/Versions/A/Frameworks/SharedFileList.framework/Versions/A/SharedFileList
0x00007fff29d0b000 	/usr/lib/libCheckFix.dylib
0x00007fff24c24000 	/System/Library/PrivateFrameworks/TCC.framework/Versions/A/TCC
0x00007fff2901f000 	/System/Library/PrivateFrameworks/CoreNLP.framework/Versions/A/CoreNLP
0x00007fff264af000 	/System/Library/PrivateFrameworks/MetadataUtilities.framework/Versions/A/MetadataUtilities
0x00007fff20f97000 	/usr/lib/libmecabra.dylib
0x00007fff2a015000 	/System/Library/Frameworks/MLCompute.framework/Versions/A/MLCompute
0x00007fff29d40000 	/usr/lib/libmecab.dylib
0x00007fff29d8a000 	/usr/lib/libgermantok.dylib
0x00007fff2a798000 	/usr/lib/libThaiTokenizer.dylib
0x00007fff2ad59000 	/usr/lib/libChineseTokenizer.dylib
0x00007fff2a7ec000 	/System/Library/Frameworks/MetalPerformanceShaders.framework/Versions/A/MetalPerformanceShaders
0x00007fff2659e000 	/System/Library/Frameworks/Accelerate.framework/Versions/A/Frameworks/vImage.framework/Versions/A/vImage
0x00007fff2feea000 	/System/Library/Frameworks/Accelerate.framework/Versions/A/Frameworks/vecLib.framework/Versions/A/vecLib
0x00007fff2ad64000 	/System/Library/Frameworks/Accelerate.framework/Versions/A/Frameworks/vecLib.framework/Versions/A/libvMisc.dylib
0x00007fff29774000 	/System/Library/Frameworks/Accelerate.framework/Versions/A/Frameworks/vecLib.framework/Versions/A/libvDSP.dylib
0x00007fff20bca000 	/System/Library/Frameworks/Accelerate.framework/Versions/A/Frameworks/vecLib.framework/Versions/A/libBLAS.dylib
0x00007fff2a819000 	/System/Library/Frameworks/Accelerate.framework/Versions/A/Frameworks/vecLib.framework/Versions/A/libLAPACK.dylib
0x00007fff29d90000 	/System/Library/Frameworks/Accelerate.framework/Versions/A/Frameworks/vecLib.framework/Versions/A/libLinearAlgebra.dylib
0x00007fff2a7d5000 	/System/Library/Frameworks/Accelerate.framework/Versions/A/Frameworks/vecLib.framework/Versions/A/libSparseBLAS.dylib
0x00007fff2a813000 	/System/Library/Frameworks/Accelerate.framework/Versions/A/Frameworks/vecLib.framework/Versions/A/libQuadrature.dylib
0x00007fff290cb000 	/System/Library/Frameworks/Accelerate.framework/Versions/A/Frameworks/vecLib.framework/Versions/A/libBNNS.dylib
0x00007fff20e75000 	/System/Library/Frameworks/Accelerate.framework/Versions/A/Frameworks/vecLib.framework/Versions/A/libSparse.dylib
0x00007fff28fa7000 	/System/Library/Frameworks/MetalPerformanceShaders.framework/Versions/A/Frameworks/MPSCore.framework/Versions/A/MPSCore
0x00007fff2a205000 	/System/Library/Frameworks/MetalPerformanceShaders.framework/Versions/A/Frameworks/MPSImage.framework/Versions/A/MPSImage
0x00007fff29da6000 	/System/Library/Frameworks/MetalPerformanceShaders.framework/Versions/A/Frameworks/MPSNeuralNetwork.framework/Versions/A/MPSNeuralNetwork
0x00007fff2a177000 	/System/Library/Frameworks/MetalPerformanceShaders.framework/Versions/A/Frameworks/MPSMatrix.framework/Versions/A/MPSMatrix
0x00007fff29fc5000 	/System/Library/Frameworks/MetalPerformanceShaders.framework/Versions/A/Frameworks/MPSRayIntersector.framework/Versions/A/MPSRayIntersector
0x00007fff2a1ae000 	/System/Library/Frameworks/MetalPerformanceShaders.framework/Versions/A/Frameworks/MPSNDArray.framework/Versions/A/MPSNDArray
0x00007fff20af6000 	/System/Library/PrivateFrameworks/MetalTools.framework/Versions/A/MetalTools
0x00007fff29017000 	/System/Library/PrivateFrameworks/AggregateDictionary.framework/Versions/A/AggregateDictionary
0x00007fff2647c000 	/System/Library/PrivateFrameworks/CoreAnalytics.framework/Versions/A/CoreAnalytics
0x00007fff2a79a000 	/System/Library/PrivateFrameworks/AppleSauce.framework/Versions/A/AppleSauce
0x00007fff28319000 	/System/Library/PrivateFrameworks/IOAccelerator.framework/Versions/A/IOAccelerator
0x00007fff6b9b8000 	/System/Library/Frameworks/OpenGL.framework/Versions/A/Libraries/libCoreFSCache.dylib
0x00007fff2152f000 	/System/Library/PrivateFrameworks/LanguageModeling.framework/Versions/A/LanguageModeling
0x00007fff29947000 	/System/Library/PrivateFrameworks/CoreEmoji.framework/Versions/A/CoreEmoji
0x00007fff290c4000 	/System/Library/PrivateFrameworks/LinguisticData.framework/Versions/A/LinguisticData
0x00007fff20e27000 	/System/Library/PrivateFrameworks/Lexicon.framework/Versions/A/Lexicon
0x00007fff2a6ac000 	/usr/lib/libcmph.dylib
0x00007fff2716e000 	/System/Library/Frameworks/OpenDirectory.framework/Versions/A/Frameworks/CFOpenDirectory.framework/Versions/A/CFOpenDirectory
0x00007fff2715e000 	/System/Library/Frameworks/OpenDirectory.framework/Versions/A/OpenDirectory
0x00007fff2ac22000 	/System/Library/PrivateFrameworks/APFS.framework/Versions/A/APFS
0x00007fff29c6d000 	/System/Library/Frameworks/SecurityFoundation.framework/Versions/A/SecurityFoundation
0x00007fff2ad2c000 	/usr/lib/libutil.dylib
0x00007fff22b21000 	/System/Library/PrivateFrameworks/CoreServicesStore.framework/Versions/A/CoreServicesStore
0x00007fff29d03000 	/System/Library/Frameworks/ServiceManagement.framework/Versions/A/ServiceManagement
0x00007fff2ad30000 	/usr/lib/libxslt.1.dylib
0x00007fff29cf9000 	/System/Library/PrivateFrameworks/BackgroundTaskManagement.framework/Versions/A/BackgroundTaskManagement
0x00007fff2bce9000 	/System/Library/Frameworks/ImageIO.framework/Versions/A/Resources/libRadiance.dylib
0x00007fff2bcf3000 	/System/Library/Frameworks/ImageIO.framework/Versions/A/Resources/libJPEG.dylib
0x00007fff2bc3d000 	/System/Library/Frameworks/ImageIO.framework/Versions/A/Resources/libPng.dylib
0x00007fff2bc64000 	/System/Library/Frameworks/ImageIO.framework/Versions/A/Resources/libTIFF.dylib
0x00007fff2bd48000 	/System/Library/Frameworks/ImageIO.framework/Versions/A/Resources/libGIF.dylib
0x00007fff2b98f000 	/System/Library/Frameworks/ImageIO.framework/Versions/A/Resources/libJP2.dylib
0x00007fff2b0ab000 	/usr/lib/libexpat.1.dylib
0x00007fff2b945000 	/System/Library/PrivateFrameworks/AppleJPEG.framework/Versions/A/AppleJPEG
0x00007fff2854f000 	/System/Library/PrivateFrameworks/FontServices.framework/libFontParser.dylib
0x00007fff26223000 	/System/Library/PrivateFrameworks/RunningBoardServices.framework/Versions/A/RunningBoardServices
0x00007fff2ba6f000 	/System/Library/PrivateFrameworks/WatchdogClient.framework/Versions/A/WatchdogClient
0x00007fff21618000 	/System/Library/Frameworks/CoreDisplay.framework/Versions/A/CoreDisplay
0x00007fff28464000 	/System/Library/Frameworks/CoreMedia.framework/Versions/A/CoreMedia
0x00007fff272ee000 	/System/Library/Frameworks/CoreVideo.framework/Versions/A/CoreVideo
0x00007fff2baaa000 	/System/Library/Frameworks/VideoToolbox.framework/Versions/A/VideoToolbox
0x00007fff261a3000 	/System/Library/PrivateFrameworks/BaseBoard.framework/Versions/A/BaseBoard
0x00007fff2b1ef000 	/System/Library/PrivateFrameworks/PersistentConnection.framework/Versions/A/PersistentConnection
0x00007fff25f44000 	/System/Library/PrivateFrameworks/ProtocolBuffer.framework/Versions/A/ProtocolBuffer
0x00007fff2618b000 	/System/Library/PrivateFrameworks/CommonUtilities.framework/Versions/A/CommonUtilities
0x00007fff2b908000 	/System/Library/PrivateFrameworks/Bom.framework/Versions/A/Bom
0x00007fff2bce1000 	/System/Library/PrivateFrameworks/GPUWrangler.framework/Versions/A/GPUWrangler
0x00007fff2bcc4000 	/System/Library/PrivateFrameworks/IOPresentment.framework/Versions/A/IOPresentment
0x00007fff2bced000 	/System/Library/PrivateFrameworks/DSExternalDisplay.framework/Versions/A/DSExternalDisplay
0x00007fff2bd4d000 	/System/Library/PrivateFrameworks/CMCaptureCore.framework/Versions/A/CMCaptureCore
0x00007fff2b68b000 	/System/Library/PrivateFrameworks/AppServerSupport.framework/Versions/A/AppServerSupport
0x00007fff2d726000 	/System/Library/PrivateFrameworks/perfdata.framework/Versions/A/perfdata
0x00007fff29c5c000 	/System/Library/PrivateFrameworks/AssertionServices.framework/Versions/A/AssertionServices
0x00007fff2174f000 	/System/Library/PrivateFrameworks/AudioToolboxCore.framework/Versions/A/AudioToolboxCore
0x00007fff28447000 	/System/Library/PrivateFrameworks/caulk.framework/Versions/A/caulk
0x00007fff3cb5e000 	/System/Library/PrivateFrameworks/SystemPolicy.framework/Versions/A/SystemPolicy
0x00007fff2aeba000 	/usr/lib/libIOReport.dylib
0x00007fff2cf62000 	/usr/lib/libSMC.dylib
0x00007fff2bc09000 	/usr/lib/libAudioToolboxUtility.dylib
0x00007fff3d4b8000 	/usr/lib/libmis.dylib
0x00007fff6ba14000 	/System/Library/Frameworks/OpenGL.framework/Versions/A/Libraries/libGLU.dylib
0x00007fff6b9d7000 	/System/Library/Frameworks/OpenGL.framework/Versions/A/Libraries/libGFXShared.dylib
0x00007fff6bbe5000 	/System/Library/Frameworks/OpenGL.framework/Versions/A/Libraries/libGL.dylib
0x00007fff6b9e0000 	/System/Library/Frameworks/OpenGL.framework/Versions/A/Libraries/libGLImage.dylib
0x00007fff6b9d4000 	/System/Library/Frameworks/OpenGL.framework/Versions/A/Libraries/libCVMSPluginSupport.dylib
0x00007fff6b9bf000 	/System/Library/Frameworks/OpenGL.framework/Versions/A/Libraries/libCoreVMClient.dylib
0x00007fff6d02f000 	/System/Library/Frameworks/OpenCL.framework/Versions/A/OpenCL
0x00007fff2b218000 	/System/Library/PrivateFrameworks/GraphVisualizer.framework/Versions/A/GraphVisualizer
0x00007fff2b227000 	/System/Library/PrivateFrameworks/FaceCore.framework/Versions/A/FaceCore
0x00007fff2b643000 	/System/Library/PrivateFrameworks/OTSVG.framework/Versions/A/OTSVG
0x00007fff26ee3000 	/System/Library/Frameworks/ApplicationServices.framework/Versions/A/Frameworks/ATS.framework/Versions/A/Resources/libFontRegistry.dylib
0x00007fff2b692000 	/System/Library/PrivateFrameworks/FontServices.framework/libhvf.dylib
0x00007fff2b057000 	/System/Library/PrivateFrameworks/AppleVA.framework/Versions/A/AppleVA
0x00007fff2cdaa000 	/System/Library/Frameworks/ApplicationServices.framework/Versions/A/Frameworks/ATS.framework/Versions/A/ATS
0x00007fff2d0bd000 	/System/Library/Frameworks/ApplicationServices.framework/Versions/A/Frameworks/ColorSyncLegacy.framework/Versions/A/ColorSyncLegacy
0x00007fff25722000 	/System/Library/Frameworks/ApplicationServices.framework/Versions/A/Frameworks/HIServices.framework/Versions/A/HIServices
0x00007fff2d0a2000 	/System/Library/Frameworks/ApplicationServices.framework/Versions/A/Frameworks/LangAnalysis.framework/Versions/A/LangAnalysis
0x00007fff2bd57000 	/System/Library/Frameworks/ApplicationServices.framework/Versions/A/Frameworks/PrintCore.framework/Versions/A/PrintCore
0x00007fff2d0c5000 	/System/Library/Frameworks/ApplicationServices.framework/Versions/A/Frameworks/QD.framework/Versions/A/QD
0x00007fff2cd9a000 	/System/Library/Frameworks/ApplicationServices.framework/Versions/A/Frameworks/SpeechSynthesis.framework/Versions/A/SpeechSynthesis
0x00007fff2bd18000 	/System/Library/Frameworks/ApplicationServices.framework/Versions/A/Frameworks/ATSUI.framework/Versions/A/ATSUI
0x00007fff2d042000 	/usr/lib/libcups.2.dylib
0x00007fff2d0b2000 	/System/Library/PrivateFrameworks/NetAuth.framework/Versions/A/NetAuth
0x00007fff2d741000 	/System/Library/Frameworks/Kerberos.framework/Versions/A/Kerberos
0x00007fff2d751000 	/System/Library/Frameworks/GSS.framework/Versions/A/GSS
0x00007fff2ce17000 	/usr/lib/libresolv.9.dylib
0x00007fff2b6a8000 	/System/Library/PrivateFrameworks/Heimdal.framework/Versions/A/Heimdal
0x00007fff333e4000 	/System/Library/Frameworks/Kerberos.framework/Versions/A/Libraries/libHeimdalProxy.dylib
0x00007fff262f0000 	/System/Library/Frameworks/Network.framework/Versions/A/Network
0x00007fff2b0c4000 	/usr/lib/libheimdal-asn1.dylib
0x00007fff2d7a2000 	/System/Library/PrivateFrameworks/CommonAuth.framework/Versions/A/CommonAuth
0x00007fff2733c000 	/System/Library/PrivateFrameworks/login.framework/Versions/A/Frameworks/loginsupport.framework/Versions/A/loginsupport
0x00007fff2cd21000 	/System/Library/PrivateFrameworks/AudioSession.framework/Versions/A/AudioSession
0x00007fff2cd87000 	/usr/lib/libAudioStatistics.dylib
0x00007fff2b150000 	/System/Library/PrivateFrameworks/MediaExperience.framework/Versions/A/MediaExperience
0x00007fff2cbba000 	/System/Library/PrivateFrameworks/AudioSession.framework/libSessionUtility.dylib
0x00007fff2d732000 	/usr/lib/libperfcheck.dylib
0x00007fff2d0d1000 	/System/Library/PrivateFrameworks/AudioResourceArbitration.framework/Versions/A/AudioResourceArbitration
0x00007fff2b0ce000 	/System/Library/PrivateFrameworks/IconFoundation.framework/Versions/A/IconFoundation
0x00007fff2fbcd000 	/System/Library/PrivateFrameworks/SpeechRecognitionCore.framework/Versions/A/SpeechRecognitionCore
0x0000000111000000 	/Library/Java/JavaVirtualMachines/jdk1.8.0_191.jdk/Contents/Home/jre/lib/server/libjvm.dylib
0x00007fff77f47000 	/usr/lib/libstdc++.6.dylib
0x0000000109eb5000 	/Library/Java/JavaVirtualMachines/jdk1.8.0_191.jdk/Contents/Home/jre/lib/libverify.dylib
0x0000000109ec3000 	/Library/Java/JavaVirtualMachines/jdk1.8.0_191.jdk/Contents/Home/jre/lib/libjava.dylib
0x0000000109f43000 	/Library/Java/JavaVirtualMachines/jdk1.8.0_191.jdk/Contents/Home/jre/lib/libzip.dylib
0x000000010adc8000 	/Library/Java/JavaVirtualMachines/jdk1.8.0_191.jdk/Contents/Home/jre/lib/libprism_es2.dylib
0x00007fff22ae2000 	/System/Library/PrivateFrameworks/CoreServicesInternal.framework/Versions/A/CoreServicesInternal
0x00007fff6bbf0000 	/System/Library/Frameworks/OpenGL.framework/Versions/A/Resources/GLEngine.bundle/GLEngine
0x00007fff6ba51000 	/System/Library/Frameworks/OpenGL.framework/Versions/A/Libraries/libGLProgrammability.dylib
0x00007fff5edd7000 	/System/Library/Extensions/AppleIntelKBLGraphicsGLDriver.bundle/Contents/MacOS/AppleIntelKBLGraphicsGLDriver
0x00007fff46267000 	/System/Library/PrivateFrameworks/GPUSupport.framework/Versions/A/Libraries/libGPUSupportMercury.dylib
0x0000000135981000 	/System/Library/Extensions/AMDRadeonX6000GLDriver.bundle/Contents/MacOS/AMDRadeonX6000GLDriver
0x00007fff6dfd1000 	/System/Library/Extensions/AMDRadeonX6000GLDriver.bundle/Contents/MacOS/ATIRadeonX6000SCLib.dylib
0x00007fff5e047000 	/System/Library/Extensions/AMDShared.bundle/Contents/PlugIns/libSC.dylib
0x00007fff6bd6e000 	/System/Library/Frameworks/OpenGL.framework/Versions/A/Resources/GLRendererFloat.bundle/GLRendererFloat
0x0000000135b63000 	/Library/Java/JavaVirtualMachines/jdk1.8.0_191.jdk/Contents/Home/jre/lib/libglass.dylib
0x00007fff30f54000 	/System/Library/Frameworks/FileProvider.framework/Versions/A/FileProvider
0x00007fff2610e000 	/System/Library/Frameworks/Accounts.framework/Versions/A/Accounts
0x00007fff310a4000 	/System/Library/PrivateFrameworks/GenerationalStorage.framework/Versions/A/GenerationalStorage
0x00007fff31a3e000 	/System/Library/PrivateFrameworks/CoreSymbolication.framework/Versions/A/CoreSymbolication
0x00007fff30974000 	/System/Library/PrivateFrameworks/SymptomDiagnosticReporter.framework/Versions/A/SymptomDiagnosticReporter
0x00007fff23c10000 	/System/Library/PrivateFrameworks/DesktopServicesPriv.framework/Versions/A/DesktopServicesPriv
0x00007fff22c17000 	/usr/lib/libsandbox.1.dylib
0x00007fff27367000 	/System/Library/PrivateFrameworks/UserManagement.framework/Versions/A/UserManagement
0x00007fff29c39000 	/System/Library/PrivateFrameworks/MobileKeyBag.framework/Versions/A/MobileKeyBag
0x00007fff34466000 	/System/Library/PrivateFrameworks/ChunkingLibrary.framework/Versions/A/ChunkingLibrary
0x00007fff31a02000 	/System/Library/PrivateFrameworks/DebugSymbols.framework/Versions/A/DebugSymbols
0x00007fff2e165000 	/System/Library/PrivateFrameworks/Sharing.framework/Versions/A/Sharing
0x00007fff329e6000 	/System/Library/PrivateFrameworks/Apple80211.framework/Versions/A/Apple80211
0x00007fff2a2e6000 	/System/Library/PrivateFrameworks/AuthKit.framework/Versions/A/AuthKit
0x00007fff29a37000 	/System/Library/PrivateFrameworks/CoreUtils.framework/Versions/A/CoreUtils
0x00007fff29964000 	/System/Library/Frameworks/CoreWLAN.framework/Versions/A/CoreWLAN
0x00007fff2e2b1000 	/System/Library/Frameworks/IOBluetooth.framework/Versions/A/IOBluetooth
0x00007fff32a4a000 	/System/Library/PrivateFrameworks/CoreWiFi.framework/Versions/A/CoreWiFi
0x00007fff2d828000 	/System/Library/PrivateFrameworks/CorePhoneNumbers.framework/Versions/A/CorePhoneNumbers
0x00007fff30a7b000 	/System/Library/PrivateFrameworks/DiskManagement.framework/Versions/A/DiskManagement
0x00007fff30991000 	/System/Library/PrivateFrameworks/AppleIDAuthSupport.framework/Versions/A/AppleIDAuthSupport
0x00007fff2d808000 	/System/Library/PrivateFrameworks/KeychainCircle.framework/Versions/A/KeychainCircle
0x00007fff30a47000 	/System/Library/PrivateFrameworks/MediaKit.framework/Versions/A/MediaKit
0x00007fff3099e000 	/System/Library/Frameworks/DiscRecording.framework/Versions/A/DiscRecording
0x00007fff2afcb000 	/usr/lib/libCoreStorage.dylib
0x00007fff32e85000 	/usr/lib/libcsfde.dylib
0x00007fff2e3ec000 	/System/Library/PrivateFrameworks/ProtectedCloudStorage.framework/Versions/A/ProtectedCloudStorage
0x00007fff32e7d000 	/System/Library/PrivateFrameworks/EFILogin.framework/Versions/A/EFILogin
0x00007fff33497000 	/System/Library/Frameworks/AudioUnit.framework/Versions/A/AudioUnit
0x00007fff3090e000 	/System/Library/Frameworks/CoreBluetooth.framework/Versions/A/CoreBluetooth
0x00007fff2afc3000 	/usr/lib/libMatch.1.dylib
0x0000000137074000 	/usr/lib/libobjc-trampolines.dylib
0x00007fff4117a000 	/System/Library/Frameworks/Accelerate.framework/Versions/A/Frameworks/vImage.framework/Versions/A/Libraries/libCGInterfaces.dylib
0x00007fff35300000 	/System/Library/PrivateFrameworks/FamilyControls.framework/Versions/A/FamilyControls
0x00007fff35324000 	/System/Library/PrivateFrameworks/CommerceKit.framework/Versions/A/Frameworks/CommerceCore.framework/Versions/A/CommerceCore
0x00007fff3014a000 	/System/Library/PrivateFrameworks/SystemAdministration.framework/Versions/A/SystemAdministration
0x00007fff2e3d3000 	/System/Library/PrivateFrameworks/AppContainer.framework/Versions/A/AppContainer
0x00007fff2e3e8000 	/System/Library/PrivateFrameworks/SecCodeWrapper.framework/Versions/A/SecCodeWrapper
0x00007fff2aec2000 	/System/Library/PrivateFrameworks/CrashReporterSupport.framework/Versions/A/CrashReporterSupport
0x00007fff4789d000 	/System/Library/PrivateFrameworks/OSAnalytics.framework/Versions/A/OSAnalytics
0x00007fff7782d000 	/usr/lib/libRosetta.dylib
0x00007fff32e0c000 	/System/Library/PrivateFrameworks/RemoteServiceDiscovery.framework/Versions/A/RemoteServiceDiscovery
0x00007fff5153d000 	/System/Library/PrivateFrameworks/Symbolication.framework/Versions/A/Symbolication
0x00007fff3d498000 	/System/Library/PrivateFrameworks/MallocStackLogging.framework/Versions/A/MallocStackLogging
0x00007fff2b769000 	/System/Library/PrivateFrameworks/login.framework/Versions/A/login
0x00007fff2bf4f000 	/System/Library/Frameworks/MediaToolbox.framework/Versions/A/MediaToolbox
0x00007fff2fb99000 	/System/Library/Frameworks/DirectoryService.framework/Versions/A/DirectoryService
0x00007fff32d25000 	/System/Library/PrivateFrameworks/DiskImages.framework/Versions/A/DiskImages
0x00007fff32ef8000 	/System/Library/PrivateFrameworks/LoginUIKit.framework/Versions/A/Frameworks/LoginUICore.framework/Versions/A/LoginUICore
0x00007fff2b904000 	/usr/lib/libodfde.dylib
0x00007fff30f26000 	/System/Library/PrivateFrameworks/CoreAVCHD.framework/Versions/A/CoreAVCHD
0x00007fff3010d000 	/System/Library/Frameworks/MediaAccessibility.framework/Versions/A/MediaAccessibility
0x00007fff30f22000 	/System/Library/PrivateFrameworks/Mangrove.framework/Versions/A/Mangrove
0x00007fff30119000 	/System/Library/PrivateFrameworks/AlgosScoreFramework.framework/Versions/A/AlgosScoreFramework
0x00007fff31910000 	/System/Library/PrivateFrameworks/AppleVPA.framework/Versions/A/AppleVPA
0x00007fff30b67000 	/System/Library/PrivateFrameworks/CoreAUC.framework/Versions/A/CoreAUC
0x00007fff32e91000 	/usr/lib/libcurl.4.dylib
0x00007fff32bf1000 	/usr/lib/libcrypto.44.dylib
0x00007fff32cf7000 	/usr/lib/libssl.46.dylib
0x00007fff32bb7000 	/System/Library/Frameworks/LDAP.framework/Versions/A/LDAP
0x00007fff32bef000 	/System/Library/PrivateFrameworks/TrustEvaluationAgent.framework/Versions/A/TrustEvaluationAgent
0x00007fff2ce30000 	/usr/lib/libsasl2.2.dylib
0x00007fff3013e000 	/System/Library/PrivateFrameworks/CoreDaemon.framework/Versions/B/CoreDaemon
0x00007fff30139000 	/System/Library/PrivateFrameworks/AppleSRP.framework/Versions/A/AppleSRP
0x00007fff27066000 	/System/Library/PrivateFrameworks/ViewBridge.framework/Versions/A/ViewBridge
0x00000001389b6000 	/Library/Java/JavaVirtualMachines/jdk1.8.0_191.jdk/Contents/Home/jre/lib/libjavafx_font.dylib
0x0000000139414000 	/Library/Java/JavaVirtualMachines/jdk1.8.0_191.jdk/Contents/Home/jre/lib/libprism_common.dylib
0x000000013a5fe000 	/Library/Java/JavaVirtualMachines/jdk1.8.0_191.jdk/Contents/Home/jre/lib/libawt.dylib
0x000000013a6a8000 	/Library/Java/JavaVirtualMachines/jdk1.8.0_191.jdk/Contents/Home/jre/lib/libmlib_image.dylib
0x00007fff6e964000 	/System/Library/Frameworks/JavaNativeFoundation.framework/Versions/A/JavaNativeFoundation
0x00007fff6e970000 	/System/Library/Frameworks/JavaRuntimeSupport.framework/Versions/A/JavaRuntimeSupport
0x00007fff3c8a8000 	/System/Library/Frameworks/Carbon.framework/Versions/A/Carbon
0x00007fff3635f000 	/System/Library/Frameworks/Carbon.framework/Versions/A/Frameworks/CommonPanels.framework/Versions/A/CommonPanels
0x00007fff32e79000 	/System/Library/Frameworks/Carbon.framework/Versions/A/Frameworks/Help.framework/Versions/A/Help
0x00007fff36363000 	/System/Library/Frameworks/Carbon.framework/Versions/A/Frameworks/ImageCapture.framework/Versions/A/ImageCapture
0x00007fff36333000 	/System/Library/Frameworks/Carbon.framework/Versions/A/Frameworks/OpenScripting.framework/Versions/A/OpenScripting
0x00007fff3635b000 	/System/Library/Frameworks/Carbon.framework/Versions/A/Frameworks/Ink.framework/Versions/A/Ink
0x00007fff3c8a4000 	/System/Library/Frameworks/Carbon.framework/Versions/A/Frameworks/Print.framework/Versions/A/Print
0x00007fff36357000 	/System/Library/Frameworks/Carbon.framework/Versions/A/Frameworks/SecurityHI.framework/Versions/A/SecurityHI
0x000000013a774000 	/Library/Java/JavaVirtualMachines/jdk1.8.0_191.jdk/Contents/Home/jre/lib/libawt_lwawt.dylib
0x000000013a82e000 	/Library/Java/JavaVirtualMachines/jdk1.8.0_191.jdk/Contents/Home/jre/lib/libosxapp.dylib
0x00007fff3bec3000 	/System/Library/Frameworks/ExceptionHandling.framework/Versions/A/ExceptionHandling
0x000000013a8a6000 	/Library/Java/JavaVirtualMachines/jdk1.8.0_191.jdk/Contents/Home/jre/lib/libfontmanager.dylib
0x000000013a90d000 	/Library/Java/JavaVirtualMachines/jdk1.8.0_191.jdk/Contents/Home/jre/lib/libosxui.dylib
0x000000013ab18000 	/Library/Java/JavaVirtualMachines/jdk1.8.0_191.jdk/Contents/Home/jre/lib/libnet.dylib
0x000000013ab2f000 	/Library/Java/JavaVirtualMachines/jdk1.8.0_191.jdk/Contents/Home/jre/lib/libnio.dylib

VM Arguments:
jvm_args: -Dfile.encoding=UTF-8 
java_command: tournamentapp.TournamentApp
java_class_path (initial): /Users/vincenttse/Downloads/IST-311-Project/build/classes
Launcher Type: SUN_STANDARD

Environment Variables:
PATH=/usr/bin:/bin:/usr/sbin:/sbin
LD_LIBRARY_PATH=/Library/Java/JavaVirtualMachines/jdk1.8.0_191.jdk/Contents/Home/jre/lib/amd64:/Library/Java/JavaVirtualMachines/jdk1.8.0_191.jdk/Contents/Home/jre/lib/i386:
SHELL=/bin/zsh

Signal Handlers:
SIGSEGV: [libjvm.dylib+0x5b5de9], sa_mask[0]=11111111011111110111111111111111, sa_flags=SA_ONSTACK|SA_RESTART|SA_SIGINFO
SIGBUS: [libjvm.dylib+0x5b5de9], sa_mask[0]=11111111011111110111111111111111, sa_flags=SA_RESTART|SA_SIGINFO
SIGFPE: [libjvm.dylib+0x48b6b0], sa_mask[0]=11111111011111110111111111111111, sa_flags=SA_RESTART|SA_SIGINFO
SIGPIPE: [libjvm.dylib+0x48b6b0], sa_mask[0]=11111111011111110111111111111111, sa_flags=SA_RESTART|SA_SIGINFO
SIGXFSZ: [libjvm.dylib+0x48b6b0], sa_mask[0]=11111111011111110111111111111111, sa_flags=SA_RESTART|SA_SIGINFO
SIGILL: [libjvm.dylib+0x48b6b0], sa_mask[0]=11111111011111110111111111111111, sa_flags=SA_RESTART|SA_SIGINFO
SIGUSR1: SIG_DFL, sa_mask[0]=00000000000000000000000000000000, sa_flags=none
SIGUSR2: [libjvm.dylib+0x48b1ce], sa_mask[0]=00100000000000000000000000000000, sa_flags=SA_RESTART|SA_SIGINFO
SIGHUP: [libjvm.dylib+0x489759], sa_mask[0]=11111111011111110111111111111111, sa_flags=SA_RESTART|SA_SIGINFO
SIGINT: SIG_IGN, sa_mask[0]=00000000000000000000000000000000, sa_flags=none
SIGTERM: [libjvm.dylib+0x489759], sa_mask[0]=11111111011111110111111111111111, sa_flags=SA_RESTART|SA_SIGINFO
SIGQUIT: [libjvm.dylib+0x489759], sa_mask[0]=11111111011111110111111111111111, sa_flags=SA_RESTART|SA_SIGINFO


---------------  S Y S T E M  ---------------

OS:Bsduname:Darwin 20.5.0 Darwin Kernel Version 20.5.0: Sat May  8 05:10:33 PDT 2021; root:xnu-7195.121.3~9/RELEASE_X86_64 x86_64
rlimit: STACK 8192k, CORE 0k, NPROC 5568, NOFILE 10240, AS infinity
load average:2.70 2.57 2.77

CPU:total 12 (initial active 12) (6 cores per cpu, 2 threads per core) family 6 model 158 stepping 10, cmov, cx8, fxsr, mmx, sse, sse2, sse3, ssse3, sse4.1, sse4.2, popcnt, avx, avx2, aes, clmul, erms, 3dnowpref, lzcnt, ht, tsc, tscinvbit, bmi1, bmi2, adx

Memory: 4k page, physical 33554432k(47072k free)

/proc/meminfo:


vm_info: Java HotSpot(TM) 64-Bit Server VM (25.191-b12) for bsd-amd64 JRE (1.8.0_191-b12), built on Oct  6 2018 08:37:07 by "java_re" with gcc 4.2.1 (Based on Apple Inc. build 5658) (LLVM build 2336.11.00)

time: Wed Jul 14 09:16:56 2021
elapsed time: 282017 seconds (3d 6h 20m 17s)

